{
  "RSpec": {
    "coverage": {
      "/home/maciej/dhruvi/dhruvi_app/config/environment.rb": {
        "lines": [
          null,
          1,
          null,
          null,
          1
        ]
      },
      "/home/maciej/dhruvi/dhruvi_app/config/application.rb": {
        "lines": [
          1,
          null,
          1,
          null,
          1,
          1,
          1,
          1,
          1,
          1,
          1,
          1,
          1,
          1,
          null,
          null,
          null,
          null,
          1,
          null,
          1,
          1,
          null,
          1,
          null,
          null,
          null,
          null,
          1,
          null,
          null,
          null,
          null,
          null,
          null,
          null,
          null,
          null,
          null,
          1,
          1,
          null,
          1,
          1,
          1,
          null,
          null,
          null
        ]
      },
      "/home/maciej/dhruvi/dhruvi_app/config/boot.rb": {
        "lines": [
          1,
          null,
          1,
          1
        ]
      },
      "/home/maciej/dhruvi/dhruvi_app/config/environments/test.rb": {
        "lines": [
          1,
          null,
          null,
          null,
          null,
          null,
          null,
          1,
          null,
          null,
          null,
          1,
          null,
          null,
          null,
          null,
          null,
          1,
          null,
          null,
          1,
          1,
          null,
          null,
          null,
          null,
          1,
          1,
          1,
          null,
          null,
          1,
          null,
          null,
          1,
          null,
          null,
          1,
          1,
          null,
          1,
          null,
          null,
          null,
          null,
          1,
          null,
          null,
          1,
          null,
          null,
          1,
          null,
          null,
          1,
          null,
          null,
          null,
          null,
          null,
          null,
          null,
          null,
          1,
          null
        ]
      },
      "/home/maciej/dhruvi/dhruvi_app/config/initializers/assets.rb": {
        "lines": [
          null,
          null,
          null,
          1,
          null,
          null,
          null,
          1,
          null,
          null,
          null,
          null,
          null,
          null,
          1
        ]
      },
      "/home/maciej/dhruvi/dhruvi_app/config/initializers/content_security_policy.rb": {
        "lines": [
          null,
          null,
          null,
          null,
          null,
          null,
          null,
          null,
          null,
          null,
          null,
          null,
          null,
          null,
          null,
          null,
          null,
          null,
          null,
          null,
          null,
          null,
          null,
          null,
          null
        ]
      },
      "/home/maciej/dhruvi/dhruvi_app/config/initializers/devise.rb": {
        "lines": [
          null,
          null,
          null,
          null,
          null,
          null,
          null,
          null,
          null,
          null,
          1,
          null,
          null,
          null,
          null,
          null,
          null,
          null,
          null,
          null,
          null,
          null,
          null,
          null,
          null,
          null,
          1,
          null,
          null,
          null,
          null,
          null,
          null,
          null,
          null,
          null,
          null,
          null,
          1,
          null,
          null,
          null,
          null,
          null,
          null,
          null,
          null,
          null,
          1,
          null,
          null,
          null,
          null,
          null,
          null,
          null,
          null,
          null,
          null,
          null,
          1,
          null,
          null,
          null,
          null,
          1,
          null,
          null,
          null,
          null,
          null,
          null,
          null,
          null,
          null,
          null,
          null,
          null,
          null,
          null,
          null,
          null,
          null,
          null,
          null,
          null,
          null,
          null,
          null,
          null,
          null,
          null,
          null,
          null,
          null,
          null,
          null,
          null,
          null,
          1,
          null,
          null,
          null,
          null,
          null,
          null,
          null,
          null,
          null,
          null,
          null,
          null,
          null,
          null,
          null,
          null,
          null,
          null,
          null,
          null,
          null,
          null,
          null,
          null,
          null,
          1,
          null,
          null,
          null,
          null,
          null,
          null,
          null,
          null,
          null,
          null,
          null,
          null,
          null,
          null,
          null,
          null,
          null,
          null,
          null,
          null,
          null,
          null,
          null,
          null,
          null,
          null,
          null,
          null,
          null,
          null,
          null,
          null,
          null,
          1,
          null,
          null,
          null,
          null,
          null,
          null,
          null,
          null,
          null,
          1,
          null,
          null,
          null,
          null,
          null,
          null,
          null,
          null,
          null,
          null,
          1,
          null,
          null,
          null,
          null,
          1,
          null,
          null,
          null,
          null,
          1,
          null,
          null,
          null,
          null,
          null,
          null,
          null,
          null,
          null,
          null,
          null,
          null,
          null,
          null,
          null,
          null,
          null,
          null,
          null,
          null,
          null,
          null,
          null,
          null,
          null,
          null,
          null,
          null,
          null,
          null,
          null,
          null,
          null,
          null,
          null,
          1,
          null,
          null,
          null,
          null,
          null,
          null,
          null,
          null,
          null,
          null,
          null,
          null,
          null,
          null,
          null,
          null,
          null,
          null,
          null,
          null,
          null,
          null,
          null,
          null,
          null,
          null,
          null,
          null,
          null,
          null,
          null,
          null,
          null,
          null,
          null,
          null,
          null,
          null,
          1,
          null,
          null,
          1,
          null,
          null,
          null,
          null,
          null,
          null,
          null,
          null,
          null,
          null,
          null,
          null,
          null,
          null,
          null,
          null,
          null,
          null,
          null,
          null,
          null,
          null,
          null,
          null,
          null,
          null,
          null,
          null,
          null,
          null,
          null,
          null,
          null,
          null,
          null,
          1,
          1,
          null,
          null,
          null,
          null,
          null,
          null,
          1,
          null
        ]
      },
      "/home/maciej/dhruvi/dhruvi_app/config/initializers/filter_parameter_logging.rb": {
        "lines": [
          null,
          null,
          null,
          null,
          null,
          1,
          null,
          null
        ]
      },
      "/home/maciej/dhruvi/dhruvi_app/config/initializers/generators.rb": {
        "lines": [
          1,
          1,
          null,
          null,
          null,
          null,
          null,
          null,
          null
        ]
      },
      "/home/maciej/dhruvi/dhruvi_app/config/initializers/inflections.rb": {
        "lines": [
          null,
          null,
          null,
          null,
          null,
          null,
          null,
          null,
          null,
          null,
          null,
          null,
          null,
          null,
          null,
          null
        ]
      },
      "/home/maciej/dhruvi/dhruvi_app/config/initializers/permissions_policy.rb": {
        "lines": [
          null,
          null,
          null,
          null,
          null,
          null,
          null,
          null,
          null,
          null,
          null,
          null,
          null
        ]
      },
      "/home/maciej/dhruvi/dhruvi_app/config/routes.rb": {
        "lines": [
          1,
          1,
          1,
          null,
          1,
          1,
          1,
          1,
          1,
          1,
          1,
          1,
          1,
          1,
          1,
          1,
          null,
          null,
          null,
          1,
          1,
          1,
          1,
          1,
          null,
          null,
          1,
          1,
          null,
          1,
          1,
          1,
          1,
          1,
          null,
          null,
          null,
          null,
          null,
          null,
          null,
          1,
          null,
          null,
          null,
          null,
          null,
          null,
          null,
          null,
          null,
          null,
          1,
          1,
          1,
          1,
          1,
          null,
          null,
          1,
          1,
          1,
          null,
          null,
          null,
          null,
          null,
          null,
          null,
          null,
          1,
          null
        ]
      },
      "/home/maciej/dhruvi/dhruvi_app/app/models/customer.rb": {
        "lines": [
          1,
          1,
          null,
          1,
          1,
          1,
          1,
          1,
          1,
          null,
          null,
          1,
          null,
          null,
          1,
          null,
          null,
          null,
          1,
          0,
          0,
          0,
          null,
          0,
          null,
          null,
          null,
          1,
          1,
          1,
          1,
          1,
          1,
          1,
          1,
          1,
          1,
          null,
          1,
          0,
          0,
          null,
          null,
          1,
          0,
          null,
          null,
          1,
          0,
          null,
          null,
          1,
          0,
          null,
          null,
          1,
          0,
          null,
          null,
          1,
          0,
          null,
          null,
          1,
          0,
          null,
          null,
          1,
          0,
          null,
          0,
          null,
          null,
          1,
          null
        ]
      },
      "/home/maciej/dhruvi/dhruvi_app/app/models/application_record.rb": {
        "lines": [
          1,
          1,
          null,
          1,
          0,
          null,
          null,
          1,
          0,
          null,
          null
        ]
      },
      "/home/maciej/dhruvi/dhruvi_app/app/models/user.rb": {
        "lines": [
          1,
          null,
          1,
          1,
          null,
          null,
          1,
          null,
          null,
          1,
          1,
          null,
          null,
          null,
          null,
          1,
          0,
          0,
          0,
          null,
          0,
          null,
          null,
          null,
          1,
          0,
          null,
          null
        ]
      },
      "/home/maciej/dhruvi/dhruvi_app/app/helpers/_link_to_helper.rb": {
        "lines": [
          1,
          null,
          1,
          null,
          null,
          null,
          null,
          null,
          null,
          null,
          null,
          null,
          null,
          null,
          1,
          0,
          0,
          null,
          null,
          null,
          1,
          0,
          0,
          null,
          null,
          null,
          1,
          0,
          null,
          null
        ]
      },
      "/home/maciej/dhruvi/dhruvi_app/app/helpers/api_helper.rb": {
        "lines": [
          1,
          null
        ]
      },
      "/home/maciej/dhruvi/dhruvi_app/app/helpers/application_helper.rb": {
        "lines": [
          1,
          null,
          1,
          0,
          0,
          0,
          0,
          null,
          0,
          null,
          null,
          1,
          null,
          null,
          0,
          null,
          null,
          1,
          0,
          0,
          0,
          0,
          null,
          null,
          null,
          1,
          0,
          0,
          0,
          0,
          null,
          null,
          null,
          null,
          null,
          1,
          null,
          null,
          0,
          0,
          0,
          0,
          0,
          null,
          0,
          null,
          null,
          null,
          null,
          1,
          0,
          0,
          null,
          null,
          0,
          null,
          null,
          null,
          null,
          null,
          null,
          1,
          null,
          0,
          null,
          null,
          null,
          null,
          null,
          null,
          1,
          null,
          0,
          0,
          0,
          null,
          0,
          null,
          null,
          0,
          null,
          null,
          null,
          null,
          null,
          null
        ]
      },
      "/home/maciej/dhruvi/dhruvi_app/app/helpers/body_types_helper.rb": {
        "lines": [
          1,
          null
        ]
      },
      "/home/maciej/dhruvi/dhruvi_app/app/helpers/button_helper.rb": {
        "lines": [
          1,
          1,
          0,
          null,
          null,
          1,
          0,
          null,
          null
        ]
      },
      "/home/maciej/dhruvi/dhruvi_app/app/helpers/button_to_helper.rb": {
        "lines": [
          1,
          null,
          null,
          1,
          0,
          0,
          0,
          0,
          null,
          null,
          null,
          null,
          null,
          null,
          null,
          null,
          null,
          null,
          null,
          1,
          0,
          0,
          null,
          null,
          null,
          1,
          0,
          0,
          null,
          null,
          null,
          1,
          0,
          0,
          null,
          null,
          null,
          1,
          0,
          0,
          null,
          null,
          null,
          1,
          0,
          0,
          null,
          null,
          null,
          1,
          0,
          0,
          null,
          null,
          null,
          1,
          0,
          0,
          null,
          null,
          null,
          1,
          0,
          0,
          null,
          null,
          null,
          1,
          0,
          null,
          0,
          null,
          null,
          null,
          1,
          0,
          null,
          0,
          null,
          null,
          null,
          null,
          null,
          1,
          0,
          0,
          null,
          null,
          null,
          1,
          0,
          0,
          null,
          null,
          null
        ]
      },
      "/home/maciej/dhruvi/dhruvi_app/app/helpers/customer_recipes_helper.rb": {
        "lines": [
          1,
          null
        ]
      },
      "/home/maciej/dhruvi/dhruvi_app/app/helpers/customers_helper.rb": {
        "lines": [
          1,
          null
        ]
      },
      "/home/maciej/dhruvi/dhruvi_app/app/helpers/diet_sets_helper.rb": {
        "lines": [
          1,
          null
        ]
      },
      "/home/maciej/dhruvi/dhruvi_app/app/helpers/exercise_per_weeks_helper.rb": {
        "lines": [
          1,
          null
        ]
      },
      "/home/maciej/dhruvi/dhruvi_app/app/helpers/exercises_helper.rb": {
        "lines": [
          1,
          null
        ]
      },
      "/home/maciej/dhruvi/dhruvi_app/app/helpers/goals_helper.rb": {
        "lines": [
          1,
          null
        ]
      },
      "/home/maciej/dhruvi/dhruvi_app/app/helpers/habits_helper.rb": {
        "lines": [
          1,
          null
        ]
      },
      "/home/maciej/dhruvi/dhruvi_app/app/helpers/ingredient_categories_helper.rb": {
        "lines": [
          1,
          null
        ]
      },
      "/home/maciej/dhruvi/dhruvi_app/app/helpers/ingredients_helper.rb": {
        "lines": [
          1,
          null
        ]
      },
      "/home/maciej/dhruvi/dhruvi_app/app/helpers/lifestyles_helper.rb": {
        "lines": [
          1,
          null
        ]
      },
      "/home/maciej/dhruvi/dhruvi_app/app/helpers/main_helper.rb": {
        "lines": [
          1,
          null
        ]
      },
      "/home/maciej/dhruvi/dhruvi_app/app/helpers/profils_helper.rb": {
        "lines": [
          1,
          null
        ]
      },
      "/home/maciej/dhruvi/dhruvi_app/app/helpers/recipes_helper.rb": {
        "lines": [
          1,
          null
        ]
      },
      "/home/maciej/dhruvi/dhruvi_app/app/helpers/tasks_helper.rb": {
        "lines": [
          1,
          null
        ]
      },
      "/home/maciej/dhruvi/dhruvi_app/app/helpers/users_helper.rb": {
        "lines": [
          1,
          null,
          null,
          1,
          0,
          0,
          null,
          0,
          0,
          0,
          null,
          null,
          null,
          1,
          0,
          null,
          0,
          null,
          0,
          0,
          0,
          null,
          null,
          null
        ]
      },
      "/home/maciej/dhruvi/dhruvi_app/spec/support/capybara.rb": {
        "lines": [
          1,
          0,
          null,
          null,
          null,
          null,
          null,
          null
        ]
      },
      "/home/maciej/dhruvi/dhruvi_app/spec/support/controller_macros.rb": {
        "lines": [
          1,
          1,
          null,
          0,
          0,
          0,
          null,
          null,
          null,
          1,
          0,
          0,
          0,
          0,
          0,
          null,
          null,
          null
        ]
      },
      "/home/maciej/dhruvi/dhruvi_app/spec/support/devise.rb": {
        "lines": [
          1,
          1,
          1,
          null
        ]
      },
      "/home/maciej/dhruvi/dhruvi_app/spec/support/factory_bot.rb": {
        "lines": [
          null,
          1,
          1,
          1,
          1,
          1,
          null,
          null
        ]
      },
      "/home/maciej/dhruvi/dhruvi_app/app/models/body_part.rb": {
        "lines": [
          1,
          1,
          null
        ]
      },
      "/home/maciej/dhruvi/dhruvi_app/spec/models/body_type_spec.rb": {
        "lines": [
          1,
          null,
          1,
          1,
          null
        ]
      },
      "/home/maciej/dhruvi/dhruvi_app/app/models/body_type.rb": {
        "lines": [
          1,
          1,
          1,
          1,
          null,
          1,
          0,
          null,
          null,
          1,
          0,
          null,
          null
        ]
      },
      "/home/maciej/dhruvi/dhruvi_app/spec/models/customer_diet_spec.rb": {
        "lines": [
          1,
          null,
          1,
          1,
          null
        ]
      },
      "/home/maciej/dhruvi/dhruvi_app/app/models/customer_diet.rb": {
        "lines": [
          1,
          1,
          null,
          1,
          1,
          null,
          1,
          0,
          null,
          null,
          1,
          0,
          null,
          null,
          1,
          0,
          null,
          null,
          1,
          0,
          null,
          null,
          1,
          0,
          0,
          null,
          0,
          null,
          null,
          1,
          0,
          0,
          null,
          0,
          null,
          null,
          1,
          0,
          0,
          null,
          0,
          null,
          null,
          1,
          0,
          0,
          null,
          0,
          null,
          null,
          null
        ]
      },
      "/home/maciej/dhruvi/dhruvi_app/spec/models/customer_recipe_spec.rb": {
        "lines": [
          1,
          null,
          1,
          1,
          null
        ]
      },
      "/home/maciej/dhruvi/dhruvi_app/app/models/customer_recipe.rb": {
        "lines": [
          1,
          1,
          1,
          1,
          1,
          1,
          null,
          1,
          0,
          null,
          null,
          1,
          0,
          null,
          null,
          1,
          0,
          0,
          0,
          0,
          0,
          0,
          null,
          0,
          null,
          null
        ]
      },
      "/home/maciej/dhruvi/dhruvi_app/spec/models/customer_spec.rb": {
        "lines": [
          1,
          null,
          1,
          1,
          null
        ]
      },
      "/home/maciej/dhruvi/dhruvi_app/spec/models/diet_set_spec.rb": {
        "lines": [
          1,
          null,
          1,
          1,
          null
        ]
      },
      "/home/maciej/dhruvi/dhruvi_app/app/models/diet_set.rb": {
        "lines": [
          1,
          1,
          1,
          1,
          null,
          1,
          null
        ]
      },
      "/home/maciej/dhruvi/dhruvi_app/spec/models/equipment_spec.rb": {
        "lines": [
          1,
          null,
          1,
          1,
          null
        ]
      },
      "/home/maciej/dhruvi/dhruvi_app/app/models/equipment.rb": {
        "lines": [
          1,
          1,
          null
        ]
      },
      "/home/maciej/dhruvi/dhruvi_app/spec/models/exercise_per_week_spec.rb": {
        "lines": [
          1,
          null,
          1,
          1,
          null
        ]
      },
      "/home/maciej/dhruvi/dhruvi_app/app/models/exercise_per_week.rb": {
        "lines": [
          1,
          null
        ]
      },
      "/home/maciej/dhruvi/dhruvi_app/spec/models/exercise_spec.rb": {
        "lines": [
          1,
          null,
          1,
          1,
          null
        ]
      },
      "/home/maciej/dhruvi/dhruvi_app/app/models/exercise.rb": {
        "lines": [
          1,
          1,
          1,
          1,
          1,
          1,
          null,
          1,
          1,
          null,
          null,
          1,
          null
        ]
      },
      "/home/maciej/dhruvi/dhruvi_app/spec/models/goal_spec.rb": {
        "lines": [
          1,
          null,
          1,
          1,
          null
        ]
      },
      "/home/maciej/dhruvi/dhruvi_app/app/models/goal.rb": {
        "lines": [
          1,
          1,
          null,
          1,
          0,
          null,
          null,
          1,
          0,
          null,
          null
        ]
      },
      "/home/maciej/dhruvi/dhruvi_app/spec/models/habit_spec.rb": {
        "lines": [
          1,
          null,
          1,
          1,
          null
        ]
      },
      "/home/maciej/dhruvi/dhruvi_app/app/models/habit.rb": {
        "lines": [
          1,
          1,
          1,
          null,
          1,
          0,
          null,
          null,
          1,
          0,
          null,
          null,
          1,
          null
        ]
      },
      "/home/maciej/dhruvi/dhruvi_app/spec/models/ingredient_category_spec.rb": {
        "lines": [
          1,
          null,
          1,
          1,
          null
        ]
      },
      "/home/maciej/dhruvi/dhruvi_app/app/models/ingredient_category.rb": {
        "lines": [
          1,
          1,
          null
        ]
      },
      "/home/maciej/dhruvi/dhruvi_app/spec/models/ingredient_spec.rb": {
        "lines": [
          1,
          null,
          1,
          1,
          null
        ]
      },
      "/home/maciej/dhruvi/dhruvi_app/app/models/ingredient.rb": {
        "lines": [
          1,
          1,
          1,
          1,
          1,
          1,
          null,
          1,
          0,
          null,
          null
        ]
      },
      "/home/maciej/dhruvi/dhruvi_app/spec/models/lifestyle_spec.rb": {
        "lines": [
          1,
          null,
          1,
          1,
          null
        ]
      },
      "/home/maciej/dhruvi/dhruvi_app/app/models/lifestyle.rb": {
        "lines": [
          1,
          1,
          null,
          1,
          0,
          null,
          null,
          1,
          0,
          null,
          null
        ]
      },
      "/home/maciej/dhruvi/dhruvi_app/spec/models/profil_spec.rb": {
        "lines": [
          1,
          null,
          1,
          1,
          null
        ]
      },
      "/home/maciej/dhruvi/dhruvi_app/app/models/profil.rb": {
        "lines": [
          1,
          1,
          1,
          1,
          1,
          null,
          1,
          0,
          null,
          null,
          1,
          0,
          null,
          null,
          1,
          0,
          null,
          null,
          1,
          0,
          null,
          null,
          1,
          0,
          null,
          null,
          1,
          0,
          null,
          null,
          1,
          0,
          null,
          1,
          0,
          null,
          null,
          null,
          null,
          1,
          0,
          null,
          null,
          1,
          0,
          null,
          null,
          1,
          0,
          null,
          null,
          null,
          1,
          0,
          null,
          null,
          1,
          0,
          null,
          null,
          1,
          0,
          null,
          null,
          null,
          null,
          null,
          1,
          0,
          0,
          0,
          0,
          0,
          0,
          0,
          null,
          null,
          null,
          1,
          0,
          null,
          null
        ]
      },
      "/home/maciej/dhruvi/dhruvi_app/spec/models/recipe_ingredient_spec.rb": {
        "lines": [
          1,
          null,
          1,
          1,
          null
        ]
      },
      "/home/maciej/dhruvi/dhruvi_app/app/models/recipe_ingredient.rb": {
        "lines": [
          1,
          1,
          1,
          1,
          1,
          null,
          1,
          0,
          null,
          null,
          1,
          0,
          null,
          null,
          1,
          0,
          null,
          1,
          0,
          null,
          1,
          0,
          null,
          1,
          0,
          null,
          null
        ]
      },
      "/home/maciej/dhruvi/dhruvi_app/spec/models/recipe_spec.rb": {
        "lines": [
          1,
          null,
          1,
          1,
          null
        ]
      },
      "/home/maciej/dhruvi/dhruvi_app/app/models/recipe.rb": {
        "lines": [
          1,
          1,
          1,
          1,
          null,
          1,
          1,
          null,
          1,
          null,
          null,
          1,
          0,
          null,
          null,
          1,
          0,
          0,
          0,
          0,
          0,
          0,
          0,
          0,
          0,
          0,
          null,
          0,
          0,
          0,
          0,
          0,
          null,
          null
        ]
      },
      "/home/maciej/dhruvi/dhruvi_app/spec/models/target_spec.rb": {
        "lines": [
          1,
          null,
          1,
          1,
          null
        ]
      },
      "/home/maciej/dhruvi/dhruvi_app/app/models/target.rb": {
        "lines": [
          1,
          1,
          null
        ]
      },
      "/home/maciej/dhruvi/dhruvi_app/spec/models/task_spec.rb": {
        "lines": [
          1,
          null,
          1,
          1,
          null
        ]
      },
      "/home/maciej/dhruvi/dhruvi_app/app/models/task.rb": {
        "lines": [
          1,
          1,
          1,
          null
        ]
      },
      "/home/maciej/dhruvi/dhruvi_app/spec/models/user_spec.rb": {
        "lines": [
          1,
          null,
          1,
          1,
          1,
          null,
          null
        ]
      },
      "/home/maciej/dhruvi/dhruvi_app/spec/factories/body_type.rb": {
        "lines": [
          1,
          1,
          1,
          1,
          1,
          null,
          null
        ]
      },
      "/home/maciej/dhruvi/dhruvi_app/spec/factories/customer.rb": {
        "lines": [
          1,
          1,
          1,
          1,
          1,
          1,
          1,
          1,
          1,
          1,
          1,
          1,
          1,
          null,
          null
        ]
      },
      "/home/maciej/dhruvi/dhruvi_app/spec/factories/ingredients.rb": {
        "lines": [
          1,
          1,
          1,
          1,
          1,
          1,
          1,
          null,
          null
        ]
      },
      "/home/maciej/dhruvi/dhruvi_app/spec/factories/profils.rb": {
        "lines": [
          1,
          1,
          1,
          1,
          1,
          1,
          1,
          1,
          1,
          1,
          1,
          null,
          null
        ]
      },
      "/home/maciej/dhruvi/dhruvi_app/spec/factories/recipes.rb": {
        "lines": [
          1,
          1,
          1,
          1,
          1,
          1,
          1,
          1,
          0,
          null,
          null,
          null
        ]
      },
      "/home/maciej/dhruvi/dhruvi_app/spec/factories/user.rb": {
        "lines": [
          1,
          1,
          2,
          null,
          null
        ]
      }
    },
    "timestamp": 1706448736
  }
}
